<?xml version="1.0" encoding="UTF-8"?>
<!-- Generated by org.testng.reporters.JUnitReportReporter -->
<testsuite hostname="VivekRaj" failures="0" tests="2" name="vivekacademy.SeleniumFrameworkDesign.ErrorValidations" time="23.529" errors="0" timestamp="2025-06-09T23:15:26 IST" skipped="0">
  <testcase classname="vivekacademy.SeleniumFrameworkDesign.ErrorValidations" name="loginErrorValidation" time="6.298"/>
  <testcase classname="vivekacademy.SeleniumFrameworkDesign.ErrorValidations" name="productErrorValidations" time="17.231"/>
</testsuite> <!-- vivekacademy.SeleniumFrameworkDesign.ErrorValidations -->
