<?xml version="1.0" encoding="UTF-8"?>
<!-- Generated by org.testng.reporters.JUnitReportReporter -->
<testsuite hostname="VivekRaj" failures="0" tests="2" name="vivekacademy.SeleniumFrameworkDesign.FullClass" time="29.307" errors="0" timestamp="2025-06-09T22:27:19 IST" skipped="0">
  <testcase classname="vivekacademy.SeleniumFrameworkDesign.FullClass" name="submitOrder" time="15.031"/>
  <testcase classname="vivekacademy.SeleniumFrameworkDesign.FullClass" name="submitOrder" time="14.276"/>
</testsuite> <!-- vivekacademy.SeleniumFrameworkDesign.FullClass -->
