<?xml version="1.0" encoding="UTF-8"?>
<!-- Generated by org.testng.reporters.JUnitReportReporter -->
<testsuite hostname="VivekRaj" failures="0" tests="1" name="Cucumber.TestngTestRunner" time="18.527" errors="0" timestamp="2025-06-09T22:35:47 IST" skipped="0">
  <testcase classname="Cucumber.TestngTestRunner" name="runScenario" time="18.527"/>
</testsuite> <!-- Cucumber.TestngTestRunner -->
