<?xml version="1.0" encoding="UTF-8"?>
<!-- Generated by org.testng.reporters.JUnitReportReporter -->
<testsuite hostname="VivekRaj" failures="0" tests="1" name="Cucumber.TestngTestRunner" time="16.458" errors="0" timestamp="2025-06-09T22:36:29 IST" skipped="0">
  <testcase classname="Cucumber.TestngTestRunner" name="runScenario" time="16.458"/>
</testsuite> <!-- Cucumber.TestngTestRunner -->
