<?xml version="1.0" encoding="UTF-8"?>
<!-- Generated by org.testng.reporters.JUnitReportReporter -->
<testsuite hostname="VivekRaj" failures="0" tests="4" name="vivekacademy.SeleniumFrameworkDesign.FullClass" time="49.024" errors="0" timestamp="2025-06-09T21:30:56 IST" skipped="0">
  <testcase classname="vivekacademy.SeleniumFrameworkDesign.FullClass" name="verifyOrders" time="13.309"/>
  <testcase classname="vivekacademy.SeleniumFrameworkDesign.FullClass" name="submitOrder" time="14.298"/>
  <testcase classname="vivekacademy.SeleniumFrameworkDesign.FullClass" name="submitOrder" time="15.797"/>
  <testcase classname="vivekacademy.SeleniumFrameworkDesign.FullClass" name="verifyOrders" time="5.620"/>
</testsuite> <!-- vivekacademy.SeleniumFrameworkDesign.FullClass -->
